DressupAndroid/VideoPlayer/build/intermediates/manifest_merge_blame_file/debug/manifest-merger-blame-debug-report.txt
1<?xml version="1.0" encoding="utf-8"?>
2<manifest xmlns:android="http://schemas.android.com/apk/res/android"
3    xmlns:tools="http://schemas.android.com/tools"
4    package="com.yc.video" >
5
6    <uses-sdk android:minSdkVersion="21" />
6-->src/main/AndroidManifest.xml
7
8    <!-- 监听网络状态变化需要的权限 -->
9    <uses-permission android:name="android.permission.ACCESS_NETWORK_STATE" />
9-->src/main/AndroidManifest.xml:6:5-79
9-->src/main/AndroidManifest.xml:6:22-76
10    <uses-permission android:name="android.permission.SYSTEM_ALERT_WINDOW" />
10-->src/main/AndroidManifest.xml:7:5-78
10-->src/main/AndroidManifest.xml:7:22-75
11    <uses-permission android:name="android.permission.ACCESS_WIFI_STATE" />
11-->src/main/AndroidManifest.xml:8:5-76
11-->src/main/AndroidManifest.xml:8:22-73
12    <uses-permission android:name="android.permission.INTERNET" />
12-->src/main/AndroidManifest.xml:9:5-67
12-->src/main/AndroidManifest.xml:9:22-64
13    <uses-permission android:name="android.permission.WRITE_EXTERNAL_STORAGE" />
13-->src/main/AndroidManifest.xml:10:5-81
13-->src/main/AndroidManifest.xml:10:22-78
14    <uses-permission android:name="android.permission.WAKE_LOCK" />
14-->src/main/AndroidManifest.xml:11:5-68
14-->src/main/AndroidManifest.xml:11:22-65
15    <uses-permission android:name="android.permission.READ_PHONE_STATE" />
15-->src/main/AndroidManifest.xml:12:5-75
15-->src/main/AndroidManifest.xml:12:22-72
16    <uses-permission
16-->src/main/AndroidManifest.xml:13:5-14:47
17        android:name="android.permission.WRITE_SETTINGS"
17-->src/main/AndroidManifest.xml:13:22-70
18        tools:ignore="ProtectedPermissions" />
18-->src/main/AndroidManifest.xml:14:9-44
19    <uses-permission android:name="android.permission.READ_EXTERNAL_STORAGE" />
19-->src/main/AndroidManifest.xml:15:5-79
19-->src/main/AndroidManifest.xml:15:22-77
20    <uses-permission android:name="android.permission.CHANGE_WIFI_MULTICAST_STATE" />
20-->src/main/AndroidManifest.xml:16:5-86
20-->src/main/AndroidManifest.xml:16:22-83
21
22    <application>
22-->src/main/AndroidManifest.xml:18:5-26:19
23        <receiver android:name="com.zr.video.old.other.BatterReceiver" />
23-->src/main/AndroidManifest.xml:19:9-73
23-->src/main/AndroidManifest.xml:19:19-71
24        <receiver
24-->src/main/AndroidManifest.xml:20:9-25:20
25            android:name="com.zr.video.old.other.NetChangedReceiver"
25-->src/main/AndroidManifest.xml:20:19-75
26            android:exported="true" >
26-->src/main/AndroidManifest.xml:21:13-36
27            <intent-filter>
27-->src/main/AndroidManifest.xml:22:13-24:29
28                <action android:name="android.net.conn.CONNECTIVITY_CHANGE" />
28-->src/main/AndroidManifest.xml:23:17-78
28-->src/main/AndroidManifest.xml:23:25-76
29            </intent-filter>
30        </receiver>
31    </application>
32
33</manifest>